<?xml version="1.0" encoding="UTF-8"?>
<testsuite name="it.unibo.deathnote.TestDeathNote" tests="5" skipped="0" failures="0" errors="0" timestamp="2025-11-14T06:49:55.205Z" hostname="PC-HARRY" time="6.358">
  <properties/>
  <testcase name="test1()" classname="it.unibo.deathnote.TestDeathNote" time="0.091"/>
  <testcase name="test2()" classname="it.unibo.deathnote.TestDeathNote" time="0.004"/>
  <testcase name="test3()" classname="it.unibo.deathnote.TestDeathNote" time="0.013"/>
  <testcase name="test4()" classname="it.unibo.deathnote.TestDeathNote" time="0.111"/>
  <testcase name="test5()" classname="it.unibo.deathnote.TestDeathNote" time="6.127"/>
  <system-out><![CDATA[]]></system-out>
  <system-err><![CDATA[]]></system-err>
</testsuite>
